<?xml version="1.0" encoding="UTF-8"?>
<!-- Generated by org.testng.reporters.JUnitReportReporter -->
<testsuite hostname="Anita-15000" failures="0" tests="4" name="A" time="0.010" errors="0" timestamp="2021-09-30T19:12:08 IST" skipped="0">
  <testcase classname="A" name="test3" time="0.002"/>
  <system-out/>
  <testcase classname="A" name="test4" time="0.002"/>
  <system-out/>
  <testcase classname="A" name="test2" time="0.001"/>
  <system-out/>
  <testcase classname="A" name="test1" time="0.005"/>
  <system-out/>
</testsuite> <!-- A -->
